# JRE version: Java(TM) SE Runtime Environment (8.0_221-b11) (build 1.8.0_221-b11)
# Java VM: Java HotSpot(TM) 64-Bit Server VM (25.221-b11 mixed mode windows-amd64 compressed oops)
Heap:
 PSYoungGen      total 38400K, used 23008K [0x00000000d5f00000, 0x00000000d8980000, 0x0000000100000000)
  eden space 33280K, 69% used [0x00000000d5f00000,0x00000000d7578200,0x00000000d7f80000)
  from space 5120K, 0% used [0x00000000d7f80000,0x00000000d7f80000,0x00000000d8480000)
  to   space 5120K, 0% used [0x00000000d8480000,0x00000000d8480000,0x00000000d8980000)
 ParOldGen       total 62464K, used 1453K [0x0000000081c00000, 0x0000000085900000, 0x00000000d5f00000)
  object space 62464K, 2% used [0x0000000081c00000,0x0000000081d6b628,0x0000000085900000)
 Metaspace       used 13904K, capacity 14152K, committed 14336K, reserved 1064960K
  class space    used 1665K, capacity 1768K, committed 1792K, reserved 1048576K
GC Heap History (4 events):
Event: 0.227 GC heap before
{Heap before GC invocations=1 (full 0):
 PSYoungGen      total 38400K, used 5995K [0x00000000d5f00000, 0x00000000d8980000, 0x0000000100000000)
  eden space 33280K, 18% used [0x00000000d5f00000,0x00000000d64dad50,0x00000000d7f80000)
  from space 5120K, 0% used [0x00000000d8480000,0x00000000d8480000,0x00000000d8980000)
  to   space 5120K, 0% used [0x00000000d7f80000,0x00000000d7f80000,0x00000000d8480000)
 ParOldGen       total 87552K, used 0K [0x0000000081c00000, 0x0000000087180000, 0x00000000d5f00000)
  object space 87552K, 0% used [0x0000000081c00000,0x0000000081c00000,0x0000000087180000)
 Metaspace       used 7381K, capacity 7530K, committed 7680K, reserved 1062912K
  class space    used 876K, capacity 933K, committed 1024K, reserved 1048576K
Event: 0.229 GC heap after
Heap after GC invocations=1 (full 0):
 PSYoungGen      total 38400K, used 1613K [0x00000000d5f00000, 0x00000000d8980000, 0x0000000100000000)
  eden space 33280K, 0% used [0x00000000d5f00000,0x00000000d5f00000,0x00000000d7f80000)
  from space 5120K, 31% used [0x00000000d7f80000,0x00000000d8113628,0x00000000d8480000)
  to   space 5120K, 0% used [0x00000000d8480000,0x00000000d8480000,0x00000000d8980000)
 ParOldGen       total 87552K, used 8K [0x0000000081c00000, 0x0000000087180000, 0x00000000d5f00000)
  object space 87552K, 0% used [0x0000000081c00000,0x0000000081c02000,0x0000000087180000)
 Metaspace       used 7381K, capacity 7530K, committed 7680K, reserved 1062912K
  class space    used 876K, capacity 933K, committed 1024K, reserved 1048576K
}
Event: 0.229 GC heap before
{Heap before GC invocations=2 (full 1):
 PSYoungGen      total 38400K, used 1613K [0x00000000d5f00000, 0x00000000d8980000, 0x0000000100000000)
  eden space 33280K, 0% used [0x00000000d5f00000,0x00000000d5f00000,0x00000000d7f80000)
  from space 5120K, 31% used [0x00000000d7f80000,0x00000000d8113628,0x00000000d8480000)
  to   space 5120K, 0% used [0x00000000d8480000,0x00000000d8480000,0x00000000d8980000)
 ParOldGen       total 87552K, used 8K [0x0000000081c00000, 0x0000000087180000, 0x00000000d5f00000)
  object space 87552K, 0% used [0x0000000081c00000,0x0000000081c02000,0x0000000087180000)
 Metaspace       used 7381K, capacity 7530K, committed 7680K, reserved 1062912K
  class space    used 876K, capacity 933K, committed 1024K, reserved 1048576K
Event: 0.237 GC heap after
Heap after GC invocations=2 (full 1):
 PSYoungGen      total 38400K, used 0K [0x00000000d5f00000, 0x00000000d8980000, 0x0000000100000000)
  eden space 33280K, 0% used [0x00000000d5f00000,0x00000000d5f00000,0x00000000d7f80000)
  from space 5120K, 0% used [0x00000000d7f80000,0x00000000d7f80000,0x00000000d8480000)
  to   space 5120K, 0% used [0x00000000d8480000,0x00000000d8480000,0x00000000d8980000)
 ParOldGen       total 62464K, used 1453K [0x0000000081c00000, 0x0000000085900000, 0x00000000d5f00000)
  object space 62464K, 2% used [0x0000000081c00000,0x0000000081d6b628,0x0000000085900000)
 Metaspace       used 7381K, capacity 7530K, committed 7680K, reserved 1060864K
  class space    used 876K, capacity 933K, committed 1024K, reserved 1048576K
}

