# JRE version: Java(TM) SE Runtime Environment (8.0_221-b11) (build 1.8.0_221-b11)
# Java VM: Java HotSpot(TM) 64-Bit Server VM (25.221-b11 mixed mode windows-amd64 compressed oops)
Heap:
 PSYoungGen      total 163840K, used 137421K [0x00000000d5f00000, 0x00000000e5f80000, 0x0000000100000000)
  eden space 81408K, 99% used [0x00000000d5f00000,0x00000000dae04ec8,0x00000000dae80000)
  from space 82432K, 68% used [0x00000000e0f00000,0x00000000e462e8a0,0x00000000e5f80000)
  to   space 79360K, 0% used [0x00000000dae80000,0x00000000dae80000,0x00000000dfc00000)
 ParOldGen       total 108032K, used 71025K [0x0000000081c00000, 0x0000000088580000, 0x00000000d5f00000)
  object space 108032K, 65% used [0x0000000081c00000,0x000000008615c440,0x0000000088580000)
 Metaspace       used 11250K, capacity 11496K, committed 11648K, reserved 1058816K
  class space    used 1284K, capacity 1356K, committed 1408K, reserved 1048576K
GC Heap History (10 events):
Event: 31.331 GC heap before
{Heap before GC invocations=17 (full 2):
 PSYoungGen      total 124416K, used 115781K [0x00000000d5f00000, 0x00000000e3100000, 0x0000000100000000)
  eden space 61440K, 96% used [0x00000000d5f00000,0x00000000d98d2b80,0x00000000d9b00000)
  from space 62976K, 89% used [0x00000000de100000,0x00000000e183e8a0,0x00000000e1e80000)
  to   space 71680K, 0% used [0x00000000d9b00000,0x00000000d9b00000,0x00000000de100000)
 ParOldGen       total 108032K, used 76576K [0x0000000081c00000, 0x0000000088580000, 0x00000000d5f00000)
  object space 108032K, 70% used [0x0000000081c00000,0x00000000866c81a0,0x0000000088580000)
 Metaspace       used 11212K, capacity 11432K, committed 11648K, reserved 1058816K
  class space    used 1284K, capacity 1356K, committed 1408K, reserved 1048576K
Event: 31.347 GC heap after
Heap after GC invocations=17 (full 2):
 PSYoungGen      total 133120K, used 67820K [0x00000000d5f00000, 0x00000000e4f80000, 0x0000000100000000)
  eden space 61440K, 0% used [0x00000000d5f00000,0x00000000d5f00000,0x00000000d9b00000)
  from space 71680K, 94% used [0x00000000d9b00000,0x00000000ddd3b0c0,0x00000000de100000)
  to   space 82944K, 0% used [0x00000000dfe80000,0x00000000dfe80000,0x00000000e4f80000)
 ParOldGen       total 108032K, used 93451K [0x0000000081c00000, 0x0000000088580000, 0x00000000d5f00000)
  object space 108032K, 86% used [0x0000000081c00000,0x0000000087742dd0,0x0000000088580000)
 Metaspace       used 11212K, capacity 11432K, committed 11648K, reserved 1058816K
  class space    used 1284K, capacity 1356K, committed 1408K, reserved 1048576K
}
Event: 31.347 GC heap before
{Heap before GC invocations=18 (full 3):
 PSYoungGen      total 133120K, used 67820K [0x00000000d5f00000, 0x00000000e4f80000, 0x0000000100000000)
  eden space 61440K, 0% used [0x00000000d5f00000,0x00000000d5f00000,0x00000000d9b00000)
  from space 71680K, 94% used [0x00000000d9b00000,0x00000000ddd3b0c0,0x00000000de100000)
  to   space 82944K, 0% used [0x00000000dfe80000,0x00000000dfe80000,0x00000000e4f80000)
 ParOldGen       total 108032K, used 93451K [0x0000000081c00000, 0x0000000088580000, 0x00000000d5f00000)
  object space 108032K, 86% used [0x0000000081c00000,0x0000000087742dd0,0x0000000088580000)
 Metaspace       used 11212K, capacity 11432K, committed 11648K, reserved 1058816K
  class space    used 1284K, capacity 1356K, committed 1408K, reserved 1048576K
Event: 31.372 GC heap after
Heap after GC invocations=18 (full 3):
 PSYoungGen      total 133120K, used 0K [0x00000000d5f00000, 0x00000000e4f80000, 0x0000000100000000)
  eden space 61440K, 0% used [0x00000000d5f00000,0x00000000d5f00000,0x00000000d9b00000)
  from space 71680K, 0% used [0x00000000d9b00000,0x00000000d9b00000,0x00000000de100000)
  to   space 82944K, 0% used [0x00000000dfe80000,0x00000000dfe80000,0x00000000e4f80000)
 ParOldGen       total 108032K, used 71017K [0x0000000081c00000, 0x0000000088580000, 0x00000000d5f00000)
  object space 108032K, 65% used [0x0000000081c00000,0x000000008615a440,0x0000000088580000)
 Metaspace       used 11212K, capacity 11432K, committed 11648K, reserved 1058816K
  class space    used 1284K, capacity 1356K, committed 1408K, reserved 1048576K
}
Event: 43.088 GC heap before
{Heap before GC invocations=19 (full 3):
 PSYoungGen      total 133120K, used 61440K [0x00000000d5f00000, 0x00000000e4f80000, 0x0000000100000000)
  eden space 61440K, 100% used [0x00000000d5f00000,0x00000000d9b00000,0x00000000d9b00000)
  from space 71680K, 0% used [0x00000000d9b00000,0x00000000d9b00000,0x00000000de100000)
  to   space 82944K, 0% used [0x00000000dfe80000,0x00000000dfe80000,0x00000000e4f80000)
 ParOldGen       total 108032K, used 71017K [0x0000000081c00000, 0x0000000088580000, 0x00000000d5f00000)
  object space 108032K, 65% used [0x0000000081c00000,0x000000008615a440,0x0000000088580000)
 Metaspace       used 11236K, capacity 11496K, committed 11648K, reserved 1058816K
  class space    used 1284K, capacity 1356K, committed 1408K, reserved 1048576K
Event: 43.100 GC heap after
Heap after GC invocations=19 (full 3):
 PSYoungGen      total 158208K, used 34038K [0x00000000d5f00000, 0x00000000e4980000, 0x0000000100000000)
  eden space 81408K, 0% used [0x00000000d5f00000,0x00000000d5f00000,0x00000000dae80000)
  from space 76800K, 44% used [0x00000000dfe80000,0x00000000e1fbd860,0x00000000e4980000)
  to   space 79360K, 0% used [0x00000000dae80000,0x00000000dae80000,0x00000000dfc00000)
 ParOldGen       total 108032K, used 71025K [0x0000000081c00000, 0x0000000088580000, 0x00000000d5f00000)
  object space 108032K, 65% used [0x0000000081c00000,0x000000008615c440,0x0000000088580000)
 Metaspace       used 11236K, capacity 11496K, committed 11648K, reserved 1058816K
  class space    used 1284K, capacity 1356K, committed 1408K, reserved 1048576K
}
Event: 44.236 GC heap before
{Heap before GC invocations=20 (full 3):
 PSYoungGen      total 158208K, used 115446K [0x00000000d5f00000, 0x00000000e4980000, 0x0000000100000000)
  eden space 81408K, 100% used [0x00000000d5f00000,0x00000000dae80000,0x00000000dae80000)
  from space 76800K, 44% used [0x00000000dfe80000,0x00000000e1fbd860,0x00000000e4980000)
  to   space 79360K, 0% used [0x00000000dae80000,0x00000000dae80000,0x00000000dfc00000)
 ParOldGen       total 108032K, used 71025K [0x0000000081c00000, 0x0000000088580000, 0x00000000d5f00000)
  object space 108032K, 65% used [0x0000000081c00000,0x000000008615c440,0x0000000088580000)
 Metaspace       used 11240K, capacity 11496K, committed 11648K, reserved 1058816K
  class space    used 1284K, capacity 1356K, committed 1408K, reserved 1048576K
Event: 44.248 GC heap after
Heap after GC invocations=20 (full 3):
 PSYoungGen      total 160768K, used 50913K [0x00000000d5f00000, 0x00000000e5f80000, 0x0000000100000000)
  eden space 81408K, 0% used [0x00000000d5f00000,0x00000000d5f00000,0x00000000dae80000)
  from space 79360K, 64% used [0x00000000dae80000,0x00000000de038490,0x00000000dfc00000)
  to   space 82432K, 0% used [0x00000000e0f00000,0x00000000e0f00000,0x00000000e5f80000)
 ParOldGen       total 108032K, used 71025K [0x0000000081c00000, 0x0000000088580000, 0x00000000d5f00000)
  object space 108032K, 65% used [0x0000000081c00000,0x000000008615c440,0x0000000088580000)
 Metaspace       used 11240K, capacity 11496K, committed 11648K, reserved 1058816K
  class space    used 1284K, capacity 1356K, committed 1408K, reserved 1048576K
}
Event: 45.415 GC heap before
{Heap before GC invocations=21 (full 3):
 PSYoungGen      total 160768K, used 132321K [0x00000000d5f00000, 0x00000000e5f80000, 0x0000000100000000)
  eden space 81408K, 100% used [0x00000000d5f00000,0x00000000dae80000,0x00000000dae80000)
  from space 79360K, 64% used [0x00000000dae80000,0x00000000de038490,0x00000000dfc00000)
  to   space 82432K, 0% used [0x00000000e0f00000,0x00000000e0f00000,0x00000000e5f80000)
 ParOldGen       total 108032K, used 71025K [0x0000000081c00000, 0x0000000088580000, 0x00000000d5f00000)
  object space 108032K, 65% used [0x0000000081c00000,0x000000008615c440,0x0000000088580000)
 Metaspace       used 11249K, capacity 11496K, committed 11648K, reserved 1058816K
  class space    used 1284K, capacity 1356K, committed 1408K, reserved 1048576K
Event: 45.431 GC heap after
Heap after GC invocations=21 (full 3):
 PSYoungGen      total 163840K, used 56506K [0x00000000d5f00000, 0x00000000e5f80000, 0x0000000100000000)
  eden space 81408K, 0% used [0x00000000d5f00000,0x00000000d5f00000,0x00000000dae80000)
  from space 82432K, 68% used [0x00000000e0f00000,0x00000000e462e8a0,0x00000000e5f80000)
  to   space 79360K, 0% used [0x00000000dae80000,0x00000000dae80000,0x00000000dfc00000)
 ParOldGen       total 108032K, used 71025K [0x0000000081c00000, 0x0000000088580000, 0x00000000d5f00000)
  object space 108032K, 65% used [0x0000000081c00000,0x000000008615c440,0x0000000088580000)
 Metaspace       used 11249K, capacity 11496K, committed 11648K, reserved 1058816K
  class space    used 1284K, capacity 1356K, committed 1408K, reserved 1048576K
}

