# JRE version: Java(TM) SE Runtime Environment (8.0_221-b11) (build 1.8.0_221-b11)
# Java VM: Java HotSpot(TM) 64-Bit Server VM (25.221-b11 mixed mode windows-amd64 compressed oops)
Heap:
 PSYoungGen      total 249856K, used 30661K [0x00000000d5f00000, 0x00000000f2b80000, 0x0000000100000000)
  eden space 238592K, 12% used [0x00000000d5f00000,0x00000000d7cf1438,0x00000000e4800000)
  from space 11264K, 0% used [0x00000000e4800000,0x00000000e4800000,0x00000000e5300000)
  to   space 11264K, 0% used [0x00000000f2080000,0x00000000f2080000,0x00000000f2b80000)
 ParOldGen       total 160256K, used 65366K [0x0000000081c00000, 0x000000008b880000, 0x00000000d5f00000)
  object space 160256K, 40% used [0x0000000081c00000,0x0000000085bd5b40,0x000000008b880000)
 Metaspace       used 11534K, capacity 11716K, committed 11904K, reserved 1060864K
  class space    used 1288K, capacity 1356K, committed 1408K, reserved 1048576K
GC Heap History (10 events):
Event: 44.662 GC heap before
{Heap before GC invocations=6 (full 1):
 PSYoungGen      total 127488K, used 127200K [0x00000000d5f00000, 0x00000000de680000, 0x0000000100000000)
  eden space 126976K, 100% used [0x00000000d5f00000,0x00000000ddb00000,0x00000000ddb00000)
  from space 512K, 43% used [0x00000000de600000,0x00000000de638000,0x00000000de680000)
  to   space 5120K, 0% used [0x00000000ddc80000,0x00000000ddc80000,0x00000000de180000)
 ParOldGen       total 110592K, used 59678K [0x0000000081c00000, 0x0000000088800000, 0x00000000d5f00000)
  object space 110592K, 53% used [0x0000000081c00000,0x0000000085647910,0x0000000088800000)
 Metaspace       used 11191K, capacity 11382K, committed 11648K, reserved 1058816K
  class space    used 1287K, capacity 1355K, committed 1408K, reserved 1048576K
Event: 44.670 GC heap after
Heap after GC invocations=6 (full 1):
 PSYoungGen      total 133632K, used 256K [0x00000000d5f00000, 0x00000000e5e00000, 0x0000000100000000)
  eden space 128512K, 0% used [0x00000000d5f00000,0x00000000d5f00000,0x00000000ddc80000)
  from space 5120K, 5% used [0x00000000ddc80000,0x00000000ddcc0000,0x00000000de180000)
  to   space 11264K, 0% used [0x00000000e5300000,0x00000000e5300000,0x00000000e5e00000)
 ParOldGen       total 110592K, used 93436K [0x0000000081c00000, 0x0000000088800000, 0x00000000d5f00000)
  object space 110592K, 84% used [0x0000000081c00000,0x000000008773f170,0x0000000088800000)
 Metaspace       used 11191K, capacity 11382K, committed 11648K, reserved 1058816K
  class space    used 1287K, capacity 1355K, committed 1408K, reserved 1048576K
}
Event: 44.670 GC heap before
{Heap before GC invocations=7 (full 2):
 PSYoungGen      total 133632K, used 256K [0x00000000d5f00000, 0x00000000e5e00000, 0x0000000100000000)
  eden space 128512K, 0% used [0x00000000d5f00000,0x00000000d5f00000,0x00000000ddc80000)
  from space 5120K, 5% used [0x00000000ddc80000,0x00000000ddcc0000,0x00000000de180000)
  to   space 11264K, 0% used [0x00000000e5300000,0x00000000e5300000,0x00000000e5e00000)
 ParOldGen       total 110592K, used 93436K [0x0000000081c00000, 0x0000000088800000, 0x00000000d5f00000)
  object space 110592K, 84% used [0x0000000081c00000,0x000000008773f170,0x0000000088800000)
 Metaspace       used 11191K, capacity 11382K, committed 11648K, reserved 1058816K
  class space    used 1287K, capacity 1355K, committed 1408K, reserved 1048576K
Event: 44.687 GC heap after
Heap after GC invocations=7 (full 2):
 PSYoungGen      total 133632K, used 0K [0x00000000d5f00000, 0x00000000e5e00000, 0x0000000100000000)
  eden space 128512K, 0% used [0x00000000d5f00000,0x00000000d5f00000,0x00000000ddc80000)
  from space 5120K, 0% used [0x00000000ddc80000,0x00000000ddc80000,0x00000000de180000)
  to   space 11264K, 0% used [0x00000000e5300000,0x00000000e5300000,0x00000000e5e00000)
 ParOldGen       total 126976K, used 37190K [0x0000000081c00000, 0x0000000089800000, 0x00000000d5f00000)
  object space 126976K, 29% used [0x0000000081c00000,0x0000000084051990,0x0000000089800000)
 Metaspace       used 11191K, capacity 11382K, committed 11648K, reserved 1058816K
  class space    used 1287K, capacity 1355K, committed 1408K, reserved 1048576K
}
Event: 46.927 GC heap before
{Heap before GC invocations=8 (full 2):
 PSYoungGen      total 133632K, used 128512K [0x00000000d5f00000, 0x00000000e5e00000, 0x0000000100000000)
  eden space 128512K, 100% used [0x00000000d5f00000,0x00000000ddc80000,0x00000000ddc80000)
  from space 5120K, 0% used [0x00000000ddc80000,0x00000000ddc80000,0x00000000de180000)
  to   space 11264K, 0% used [0x00000000e5300000,0x00000000e5300000,0x00000000e5e00000)
 ParOldGen       total 126976K, used 37190K [0x0000000081c00000, 0x0000000089800000, 0x00000000d5f00000)
  object space 126976K, 29% used [0x0000000081c00000,0x0000000084051990,0x0000000089800000)
 Metaspace       used 11202K, capacity 11388K, committed 11648K, reserved 1058816K
  class space    used 1287K, capacity 1356K, committed 1408K, reserved 1048576K
Event: 46.934 GC heap after
Heap after GC invocations=8 (full 2):
 PSYoungGen      total 249856K, used 5913K [0x00000000d5f00000, 0x00000000e6480000, 0x0000000100000000)
  eden space 238592K, 0% used [0x00000000d5f00000,0x00000000d5f00000,0x00000000e4800000)
  from space 11264K, 52% used [0x00000000e5300000,0x00000000e58c6410,0x00000000e5e00000)
  to   space 11264K, 0% used [0x00000000e4800000,0x00000000e4800000,0x00000000e5300000)
 ParOldGen       total 126976K, used 65323K [0x0000000081c00000, 0x0000000089800000, 0x00000000d5f00000)
  object space 126976K, 51% used [0x0000000081c00000,0x0000000085bcade0,0x0000000089800000)
 Metaspace       used 11202K, capacity 11388K, committed 11648K, reserved 1058816K
  class space    used 1287K, capacity 1356K, committed 1408K, reserved 1048576K
}
Event: 1569.376 GC heap before
{Heap before GC invocations=9 (full 2):
 PSYoungGen      total 249856K, used 244505K [0x00000000d5f00000, 0x00000000e6480000, 0x0000000100000000)
  eden space 238592K, 100% used [0x00000000d5f00000,0x00000000e4800000,0x00000000e4800000)
  from space 11264K, 52% used [0x00000000e5300000,0x00000000e58c6410,0x00000000e5e00000)
  to   space 11264K, 0% used [0x00000000e4800000,0x00000000e4800000,0x00000000e5300000)
 ParOldGen       total 126976K, used 65323K [0x0000000081c00000, 0x0000000089800000, 0x00000000d5f00000)
  object space 126976K, 51% used [0x0000000081c00000,0x0000000085bcade0,0x0000000089800000)
 Metaspace       used 11533K, capacity 11716K, committed 11904K, reserved 1060864K
  class space    used 1288K, capacity 1356K, committed 1408K, reserved 1048576K
Event: 1569.422 GC heap after
Heap after GC invocations=9 (full 2):
 PSYoungGen      total 249856K, used 5913K [0x00000000d5f00000, 0x00000000f2b80000, 0x0000000100000000)
  eden space 238592K, 0% used [0x00000000d5f00000,0x00000000d5f00000,0x00000000e4800000)
  from space 11264K, 52% used [0x00000000e4800000,0x00000000e4dc6410,0x00000000e5300000)
  to   space 11264K, 0% used [0x00000000f2080000,0x00000000f2080000,0x00000000f2b80000)
 ParOldGen       total 126976K, used 110331K [0x0000000081c00000, 0x0000000089800000, 0x00000000d5f00000)
  object space 126976K, 86% used [0x0000000081c00000,0x00000000887bee60,0x0000000089800000)
 Metaspace       used 11533K, capacity 11716K, committed 11904K, reserved 1060864K
  class space    used 1288K, capacity 1356K, committed 1408K, reserved 1048576K
}
Event: 1569.422 GC heap before
{Heap before GC invocations=10 (full 3):
 PSYoungGen      total 249856K, used 5913K [0x00000000d5f00000, 0x00000000f2b80000, 0x0000000100000000)
  eden space 238592K, 0% used [0x00000000d5f00000,0x00000000d5f00000,0x00000000e4800000)
  from space 11264K, 52% used [0x00000000e4800000,0x00000000e4dc6410,0x00000000e5300000)
  to   space 11264K, 0% used [0x00000000f2080000,0x00000000f2080000,0x00000000f2b80000)
 ParOldGen       total 126976K, used 110331K [0x0000000081c00000, 0x0000000089800000, 0x00000000d5f00000)
  object space 126976K, 86% used [0x0000000081c00000,0x00000000887bee60,0x0000000089800000)
 Metaspace       used 11533K, capacity 11716K, committed 11904K, reserved 1060864K
  class space    used 1288K, capacity 1356K, committed 1408K, reserved 1048576K
Event: 1569.541 GC heap after
Heap after GC invocations=10 (full 3):
 PSYoungGen      total 249856K, used 0K [0x00000000d5f00000, 0x00000000f2b80000, 0x0000000100000000)
  eden space 238592K, 0% used [0x00000000d5f00000,0x00000000d5f00000,0x00000000e4800000)
  from space 11264K, 0% used [0x00000000e4800000,0x00000000e4800000,0x00000000e5300000)
  to   space 11264K, 0% used [0x00000000f2080000,0x00000000f2080000,0x00000000f2b80000)
 ParOldGen       total 160256K, used 65366K [0x0000000081c00000, 0x000000008b880000, 0x00000000d5f00000)
  object space 160256K, 40% used [0x0000000081c00000,0x0000000085bd5b40,0x000000008b880000)
 Metaspace       used 11533K, capacity 11716K, committed 11904K, reserved 1060864K
  class space    used 1288K, capacity 1356K, committed 1408K, reserved 1048576K
}

