# JRE version: Java(TM) SE Runtime Environment (8.0_221-b11) (build 1.8.0_221-b11)
# Java VM: Java HotSpot(TM) 64-Bit Server VM (25.221-b11 mixed mode windows-amd64 compressed oops)
Heap:
 PSYoungGen      total 196096K, used 84218K [0x00000000d5f00000, 0x00000000e3900000, 0x0000000100000000)
  eden space 184832K, 42% used [0x00000000d5f00000,0x00000000dab80570,0x00000000e1380000)
  from space 11264K, 52% used [0x00000000e1e80000,0x00000000e243e410,0x00000000e2980000)
  to   space 11264K, 0% used [0x00000000e1380000,0x00000000e1380000,0x00000000e1e80000)
 ParOldGen       total 208896K, used 93495K [0x0000000081c00000, 0x000000008e800000, 0x00000000d5f00000)
  object space 208896K, 44% used [0x0000000081c00000,0x000000008774dec0,0x000000008e800000)
 Metaspace       used 11341K, capacity 11572K, committed 11648K, reserved 1058816K
  class space    used 1286K, capacity 1356K, committed 1408K, reserved 1048576K
GC Heap History (10 events):
Event: 11.829 GC heap before
{Heap before GC invocations=7 (full 2):
 PSYoungGen      total 128000K, used 127488K [0x00000000d5f00000, 0x00000000de680000, 0x0000000100000000)
  eden space 127488K, 100% used [0x00000000d5f00000,0x00000000ddb80000,0x00000000ddb80000)
  from space 512K, 0% used [0x00000000de600000,0x00000000de600000,0x00000000de680000)
  to   space 5120K, 0% used [0x00000000ddc80000,0x00000000ddc80000,0x00000000de180000)
 ParOldGen       total 140800K, used 31539K [0x0000000081c00000, 0x000000008a580000, 0x00000000d5f00000)
  object space 140800K, 22% used [0x0000000081c00000,0x0000000083accfd8,0x000000008a580000)
 Metaspace       used 11146K, capacity 11302K, committed 11392K, reserved 1058816K
  class space    used 1283K, capacity 1355K, committed 1408K, reserved 1048576K
Event: 11.835 GC heap after
Heap after GC invocations=7 (full 2):
 PSYoungGen      total 133632K, used 288K [0x00000000d5f00000, 0x00000000e1200000, 0x0000000100000000)
  eden space 128512K, 0% used [0x00000000d5f00000,0x00000000d5f00000,0x00000000ddc80000)
  from space 5120K, 5% used [0x00000000ddc80000,0x00000000ddcc8000,0x00000000de180000)
  to   space 11264K, 0% used [0x00000000e0700000,0x00000000e0700000,0x00000000e1200000)
 ParOldGen       total 140800K, used 65298K [0x0000000081c00000, 0x000000008a580000, 0x00000000d5f00000)
  object space 140800K, 46% used [0x0000000081c00000,0x0000000085bc4838,0x000000008a580000)
 Metaspace       used 11146K, capacity 11302K, committed 11392K, reserved 1058816K
  class space    used 1283K, capacity 1355K, committed 1408K, reserved 1048576K
}
Event: 14.503 GC heap before
{Heap before GC invocations=8 (full 2):
 PSYoungGen      total 133632K, used 128800K [0x00000000d5f00000, 0x00000000e1200000, 0x0000000100000000)
  eden space 128512K, 100% used [0x00000000d5f00000,0x00000000ddc80000,0x00000000ddc80000)
  from space 5120K, 5% used [0x00000000ddc80000,0x00000000ddcc8000,0x00000000de180000)
  to   space 11264K, 0% used [0x00000000e0700000,0x00000000e0700000,0x00000000e1200000)
 ParOldGen       total 140800K, used 65298K [0x0000000081c00000, 0x000000008a580000, 0x00000000d5f00000)
  object space 140800K, 46% used [0x0000000081c00000,0x0000000085bc4838,0x000000008a580000)
 Metaspace       used 11156K, capacity 11308K, committed 11392K, reserved 1058816K
  class space    used 1284K, capacity 1356K, committed 1408K, reserved 1048576K
Event: 14.509 GC heap after
Heap after GC invocations=8 (full 2):
 PSYoungGen      total 162816K, used 5913K [0x00000000d5f00000, 0x00000000e0d80000, 0x0000000100000000)
  eden space 156160K, 0% used [0x00000000d5f00000,0x00000000d5f00000,0x00000000df780000)
  from space 6656K, 88% used [0x00000000e0700000,0x00000000e0cc6410,0x00000000e0d80000)
  to   space 11264K, 0% used [0x00000000df780000,0x00000000df780000,0x00000000e0280000)
 ParOldGen       total 140800K, used 93431K [0x0000000081c00000, 0x000000008a580000, 0x00000000d5f00000)
  object space 140800K, 66% used [0x0000000081c00000,0x000000008773dc88,0x000000008a580000)
 Metaspace       used 11156K, capacity 11308K, committed 11392K, reserved 1058816K
  class space    used 1284K, capacity 1356K, committed 1408K, reserved 1048576K
}
Event: 17.115 GC heap before
{Heap before GC invocations=9 (full 2):
 PSYoungGen      total 162816K, used 162073K [0x00000000d5f00000, 0x00000000e0d80000, 0x0000000100000000)
  eden space 156160K, 100% used [0x00000000d5f00000,0x00000000df780000,0x00000000df780000)
  from space 6656K, 88% used [0x00000000e0700000,0x00000000e0cc6410,0x00000000e0d80000)
  to   space 11264K, 0% used [0x00000000df780000,0x00000000df780000,0x00000000e0280000)
 ParOldGen       total 140800K, used 93431K [0x0000000081c00000, 0x000000008a580000, 0x00000000d5f00000)
  object space 140800K, 66% used [0x0000000081c00000,0x000000008773dc88,0x000000008a580000)
 Metaspace       used 11162K, capacity 11308K, committed 11392K, reserved 1058816K
  class space    used 1284K, capacity 1356K, committed 1408K, reserved 1048576K
Event: 17.126 GC heap after
Heap after GC invocations=9 (full 2):
 PSYoungGen      total 167424K, used 5945K [0x00000000d5f00000, 0x00000000e2980000, 0x0000000100000000)
  eden space 156160K, 0% used [0x00000000d5f00000,0x00000000d5f00000,0x00000000df780000)
  from space 11264K, 52% used [0x00000000df780000,0x00000000dfd4e410,0x00000000e0280000)
  to   space 11264K, 0% used [0x00000000e1e80000,0x00000000e1e80000,0x00000000e2980000)
 ParOldGen       total 140800K, used 138431K [0x0000000081c00000, 0x000000008a580000, 0x00000000d5f00000)
  object space 140800K, 98% used [0x0000000081c00000,0x000000008a32fd08,0x000000008a580000)
 Metaspace       used 11162K, capacity 11308K, committed 11392K, reserved 1058816K
  class space    used 1284K, capacity 1356K, committed 1408K, reserved 1048576K
}
Event: 17.126 GC heap before
{Heap before GC invocations=10 (full 3):
 PSYoungGen      total 167424K, used 5945K [0x00000000d5f00000, 0x00000000e2980000, 0x0000000100000000)
  eden space 156160K, 0% used [0x00000000d5f00000,0x00000000d5f00000,0x00000000df780000)
  from space 11264K, 52% used [0x00000000df780000,0x00000000dfd4e410,0x00000000e0280000)
  to   space 11264K, 0% used [0x00000000e1e80000,0x00000000e1e80000,0x00000000e2980000)
 ParOldGen       total 140800K, used 138431K [0x0000000081c00000, 0x000000008a580000, 0x00000000d5f00000)
  object space 140800K, 98% used [0x0000000081c00000,0x000000008a32fd08,0x000000008a580000)
 Metaspace       used 11162K, capacity 11308K, committed 11392K, reserved 1058816K
  class space    used 1284K, capacity 1356K, committed 1408K, reserved 1048576K
Event: 17.150 GC heap after
Heap after GC invocations=10 (full 3):
 PSYoungGen      total 167424K, used 0K [0x00000000d5f00000, 0x00000000e2980000, 0x0000000100000000)
  eden space 156160K, 0% used [0x00000000d5f00000,0x00000000d5f00000,0x00000000df780000)
  from space 11264K, 0% used [0x00000000df780000,0x00000000df780000,0x00000000e0280000)
  to   space 11264K, 0% used [0x00000000e1e80000,0x00000000e1e80000,0x00000000e2980000)
 ParOldGen       total 208896K, used 65370K [0x0000000081c00000, 0x000000008e800000, 0x00000000d5f00000)
  object space 208896K, 31% used [0x0000000081c00000,0x0000000085bd6a70,0x000000008e800000)
 Metaspace       used 11162K, capacity 11308K, committed 11392K, reserved 1058816K
  class space    used 1284K, capacity 1356K, committed 1408K, reserved 1048576K
}
Event: 17.441 GC heap before
{Heap before GC invocations=11 (full 3):
 PSYoungGen      total 167424K, used 156160K [0x00000000d5f00000, 0x00000000e2980000, 0x0000000100000000)
  eden space 156160K, 100% used [0x00000000d5f00000,0x00000000df780000,0x00000000df780000)
  from space 11264K, 0% used [0x00000000df780000,0x00000000df780000,0x00000000e0280000)
  to   space 11264K, 0% used [0x00000000e1e80000,0x00000000e1e80000,0x00000000e2980000)
 ParOldGen       total 208896K, used 65370K [0x0000000081c00000, 0x000000008e800000, 0x00000000d5f00000)
  object space 208896K, 31% used [0x0000000081c00000,0x0000000085bd6a70,0x000000008e800000)
 Metaspace       used 11166K, capacity 11372K, committed 11648K, reserved 1058816K
  class space    used 1284K, capacity 1356K, committed 1408K, reserved 1048576K
Event: 17.448 GC heap after
Heap after GC invocations=11 (full 3):
 PSYoungGen      total 196096K, used 5881K [0x00000000d5f00000, 0x00000000e3900000, 0x0000000100000000)
  eden space 184832K, 0% used [0x00000000d5f00000,0x00000000d5f00000,0x00000000e1380000)
  from space 11264K, 52% used [0x00000000e1e80000,0x00000000e243e410,0x00000000e2980000)
  to   space 11264K, 0% used [0x00000000e1380000,0x00000000e1380000,0x00000000e1e80000)
 ParOldGen       total 208896K, used 93495K [0x0000000081c00000, 0x000000008e800000, 0x00000000d5f00000)
  object space 208896K, 44% used [0x0000000081c00000,0x000000008774dec0,0x000000008e800000)
 Metaspace       used 11166K, capacity 11372K, committed 11648K, reserved 1058816K
  class space    used 1284K, capacity 1356K, committed 1408K, reserved 1048576K
}

